1957-F01       2436179.20 1957 Dec  6 1644:35  Vanguard                 -      TV-3                 Vanguard TV3         -         CC       LC18A                  -  USN          OF -                        Sat                      Vang-ER9948          -
1958-F01       2436239.81 1958 Feb  5 0733     Vanguard                 -      TV-3BU               Vanguard TV3BU       -         CC       LC18A                  6  USN          OF -                        Sat                      Vang-ER9955          -
1958-F02       2436268.27 1958 Mar  5 1827:57  Jupiter C                JunoI  RS/CC-26             Explorer 2           -         CC       LC26A                  -  USA          OF -                        Sat                      JunoFam              -
1958-F03       2436320.88 1958 Apr 27 0901     Sputnik 8A91             -      B1-2                 ISZ D-1 No. 1        -         NIIP-5   LC1                    -  MVS          OF -                        Sat                      NezavB               SFLT39-331
1958-F04       2436322.62 1958 Apr 29 0253:00  Vanguard                 -      TV-5                 Vanguard TV5         -         CC       LC18A                550  USN          OF -                        Sat                      Vang-ER10300         -
1958-F05       2436351.66 1958 May 28 0346:20  Vanguard                 -      SLV-1                Vanguard SLV1        -         CC       LC18A               2500  USN          OF -                        Sat                      Vang-ER10301         -
1958-F06       2436380.71 1958 Jun 26 0500:52  Vanguard                 -      SLV-2                Vanguard SLV2        -         CC       LC18A                165  USN          OF -                        Sat                      Vang-ER10302         -
1958-F07       2436409.50 1958 Jul 25          Project Pilot            -      1                    Diagnostic 1         F4D-1 747 NOTS     RW  -> DZSB           12  USN          OF -                        Sat                      NOTS                 -
1958-F08       2436427.50 1958 Aug 12          Project Pilot            -      2                    Diagnostic 2         F4D-1 747 NOTS     RW  -> DZSB           12  USN          OF -                        Sat                      NOTS                 -
1958-F09       2436433.01 1958 Aug 17 1218     Thor Able I              -      127                  Able/Pioneer         -         CC       LC17A                 16  USAF         OF -                        Sat                      NASA-5-25-59W-V3     -
1958-F10       2436437.50 1958 Aug 22          Project Pilot            -      3                    Diagnostic 3         F4D-1 747 NOTS     RW  -> DZSB            0? USN          OF -                        Sat                      NOTS                 -
1958-F11       2436439.76 1958 Aug 24 0617:22  Jupiter C                JunoI  RS/CC-47             Explorer 5           -         CC       LC5                    -  USA          OF -                        Sat                      JunoFam              -
1958-F12       2436440.50 1958 Aug 25          Project Pilot            -      4                    Radiation 1          F4D-1 747 NOTS     RW  -> DZSB           12  USN          OF -                        Sat                      NOTS                 -
1958-F13       2436441.50 1958 Aug 26          Project Pilot            -      5                    Radiation 2          F4D-1 747 NOTS     RW  -> DZSB           12  USN          OF -                        Sat                      NOTS                 -
1958-F14       2436443.50 1958 Aug 28          Project Pilot            -      6                    Radiation 3          F4D-1 747 NOTS     RW  -> DZSB           12  USN          OF -                        Sat                      NOTS                 -
1958-F15       2436469.50 1958 Sep 23          Vostok-L 8K72            -      B1-3                 Luna                 -         NIIP-5   LC1                    -  MVS          OF -                        Sat                      AVMNLJ               Energiya
1958-F17       2436487.50 1958 Oct 11          Vostok-L 8K72            -      B1-4                 Luna                 -         NIIP-5   LC1                    -  MVS          OF -                        Sat                      AVMNLJ               Energiya
1958-F18       2436499.64 1958 Oct 23 0321:04  Jupiter C                JunoI  RS/CC-49             Beacon 1             -         CC       LC5                    -  USA          OF -                        Sat                      JPL-FOM-59-10        -
1958-F19       2436515.81 1958 Nov  8 0730:21  Thor Able I              -      129                  Pioneer 2            -         CC       LC17A               1550  USAF         OF -                        Sat                      NASA-5-25-59W-V3     -
1958-F20       2436541.50 1958 Dec  4          Vostok-L 8K72            -      B1-5                 Luna                 -         NIIP-5   LC1                    -  MVS          OF -                        Sat                      AVMNLJ               Energiya
1959-F01       2436672.62 1959 Apr 14 0249:46  Vanguard                 -      SLV-5                Vanguard SLV5        -         CC       LC18A                100  USN          OF -                        Sat                      Vang-ER10589         -
1959-F02       2436723.34 1959 Jun  3 2009:20  Thor Agena A             -      174                  Discoverer 3         -         V        75-3-4                 -  USAF         OF -                        Sat                      NRO3E24              VCR
1959-F03       2436742.34 1959 Jun 22 2016:09  Vanguard                 -      SLV-6                Vanguard SLV6        -         CC       LC18A                140  USN          OF -                        Sat                      Vang-ER-SLV6         -
1959-F05       2436766.23 1959 Jul 16 1737:03  Juno II                  -      AM-16                NASA S-1             -         CC       LC5                    -  NASA         OF -                        Sat                      JPL32-31-3           -
1959-F06       2436737.84 1959 Jun 18 0808     Vostok-L 8K72            -      I1-7                 Luna                 -         NIIP-5   LC1                    -  MVS          OF -                        Sat                      NezavB               Energiya
1959-F07       2436795.52 1959 Aug 15 0031:00  Juno II                  (3)    AM-19B               Beacon 2             -         CC       LC26B                  -  USA          OF -                        Sat                      JPL32-31-3           -
1959-F08       2436829.11 1959 Sep 17 1434     Thor Able II             M1     136                  Transit 1A           -         CC       LC17A                640  USAF         OF -                        Sat                      SanMateoTimes590917  -
1959-F09       2436898.81 1959 Nov 26 0726     Atlas Able               -      20D                  Able IVB             -         CC       LC14                1000? USAF         OF -                        Sat                      KHR-1                -
1960-F01       2436969.29 1960 Feb  4 1851:45  Thor Agena A             -      218                  Discoverer 9         -         V        75-3-4                 -  USAF         OF -                        Sat                      NRO3E24              VCR
1960-F02       2436984.34 1960 Feb 19 2015:14  Thor Agena A             -      223                  Discoverer 10        -         V        75-3-5                 -  USAF         OF -                        Sat                      NRO3E24              VCR
1960-F03       2436991.23 1960 Feb 26 1725     Atlas Agena A            -      29D                  Midas 1              -         CC       LC14                   -  USAF         OF -                        Sat                      UPI                  -
1960-F04       2437017.07 1960 Mar 23 1335:11  Juno II                  -      AM-19C               NASA S-46            -         CC       LC26B                  -  NASA         OF -                        Sat                      ABMA                 -
1960-F06       2437041.17 1960 Apr 16 1607:41  Vostok-L 8K72            -      L1-9A                -                    -         NIIP-5   LC1                    -  RVSN         OF -                        Sat                      NezavB               -
1960-F07       2437067.89 1960 May 13 0916:05  Thor Delta               -      144/D1               Echo                 -         CC       LC17A                  -  NASA         OF -                        Sat                      TR-1022              -
1960-F08       2437115.42 1960 Jun 29 2200:44  Thor Agena A             -      160                  Discoverer 12        -         V        75-3-4                 -  USAF         OF -                        Sat                      NRO3E24              VCR
1960-F09       2437143.90 1960 Jul 28 0931     Vostok 8K72              -      L1-10                -                    -         NIIP-5   LC1                    -  RVSN         OF -                        Sat                      NezavB               -
1960-F10       2437165.33 1960 Aug 18 1958     Thor Ablestar            -      262  AB004?          Courier 1A           -         CC       LC17B                  -  USAF         OF -                        Sat                      Wire                 -
1960-F11       2437203.13 1960 Sep 25 1513     Atlas Able               -      80D                  Able VA              -         CC       LC12                1290  USAF         OF -                        Sat                      KHR-1                -
1960-F12       2437218.10 1960 Oct 10 1427:49  Molniya 8K78             -      L1-4M                -                    -         NIIP-5   LC1                    -  RVSN         OF -                        Sat                      KIAM                 -
1960-F13       2437219.36 1960 Oct 11 2033     Atlas Agena A            -      57D                  Samos 1              -         PA       LC1-1                  -  USAF         OF -                        Sat                      VCR                  -
1960-F14       2437222.08 1960 Oct 14 1351:03  Molniya 8K78             -      L1-5M                -                    -         NIIP-5   LC1                    -  RVSN         OF -                        Sat                      KIAM                 -
1960-F15       2437234.35 1960 Oct 26 2026     Thor Agena B             -      253                  Discoverer 16        -         V        75-3-4                 -  USAF         OF -                        Sat                      VCR                  -
1960-F16       2437269.33 1960 Nov 30 1950     Thor Ablestar            -      283  AB006           Transit 3A           -         CC       LC17B                  -  USAF         OF -                        Sat                      AP                   -
1960-F17       2437273.38 1960 Dec  4 2114     Scout X-1                -      ST-3                 S-56                 -         WI       LA3                    -  NASA         OF -                        Sat                      Wire                 MR601212-10
1960-F18       2437283.88 1960 Dec 15 0910     Atlas Able               -      91D                  Able VB              -         CC       LC12                  13  USAF         OF -                        Sat                      KHR-1                -
1960-F19       2437290.82 1960 Dec 22 0745:19  Vostok 8K72K             -      L1-13A               -                    -         NIIP-5   LC1                    -  RVSN         OF -                        Sat                      NezavB               -
1961-F01       2437355.51 1961 Feb 25 0013:16  Juno II                  -      AM-19F               NASA S-45            -         CC       LC26B                  -  NASA         OF -                        Sat                      ABMA Memo            JPL32-31-3
1961-F02       2437389.36 1961 Mar 30 2034:43  Thor Agena B             -      300                  Discoverer 22        -         V        75-3-4                 -  USAF         OF -                        Sat                      VCR                  -
1961-F03       2437415.18 1961 Apr 25 1615     Atlas D                  -      100D                 MA-3                 -         CC       LC14                   -  USAF         OF -                        Sat                      KHR-1                -
1961-F04       2437444.33 1961 May 24 1948:05  Juno II                  -      AM-19G               NASA S-45A           -         CC       LC26B                  -  NASA         OF -                        Sat                      ABMA                 -
1961-F05       2437459.39 1961 Jun  8 2116     Thor Agena B             -      302                  Discoverer 24        -         V        75-3-4                 -  USAF         OF -                        Sat                      VCR                  -
1961-F06       2437481.21 1961 Jun 30 1709     Scout X-1                -      ST-5                 S-55                 -         WI       LA3                  172  NASA         OF -                        Sat                      Gatland1             AE1961
1961-F07       2437502.44 1961 Jul 21 2235     Thor Agena B             -      322                  Discoverer 27        -         V        75-3-4                 -  USAF         OF -                        Sat                      VCR                  -
1961-F08       2437515.50 1961 Aug  4 0001     Thor Agena B             -      309                  Discoverer 28        -         V        75-1-1                 -  USAF         OF -                        Sat                      VCR                  -
1961-F09       2437552.31 1961 Sep  9 1928     Atlas Agena B            -      106D                 Samos 3              -         PA       LC1-1                  -  USAF         OF -                        Sat                      VCR                  -
1961-F10       2437596.31 1961 Oct 23 1923     Thor Agena B             -      329                  Discoverer 33        -         V        75-3-5                 -  USAF         OF -                        Sat                      VCR                  -
1961-F11       2437600.19 1961 Oct 27 1630     Kosmos 63S1              -      -                    -                    -         GTsP-4   Mayak-2                -  RVSN         OF -                        Sat                      AVMDS                -
1961-F12       2437605.15 1961 Nov  1 1532     Blue Scout II            -      D-8                  Mercury-Scout 1      -         CC       LC18B                  -  USAF         OF -                        Sat                      KHR-1                -
1961-F13       2437626.37 1961 Nov 22 2045:47  Atlas Agena B            -      108D                 Samos 4              -         PA       LC1-1                200? USAF         OF -                        Sat                      VCR                  -
1961-F14       2437644.90 1961 Dec 11 0939:02  Vostok 8K72K             -      -                    -                    -         NIIP-5   LC1                    -  RVSN         OF -                        Sat                      NK96-10-65           -
1961-F15       2437655.02 1961 Dec 21 1230     Kosmos 63S1              -      -                    -                    -         GTsP-4   Mayak-2                -  RVSN         OF -                        Sat                      AVMDS                -
1962-F01       2437678.40 1962 Jan 13 2141     Thor Agena B             -      327                  Discoverer 37        -         V        75-3-4                 -  USAF         OF -                        Sat                      VCR                  -
1962-F02       2437688.90 1962 Jan 24 0930     Thor Ablestar            -      311  AB010           NRL Composite 1      -         CC       LC17B                  -  USAF         OF -                        Sat                      FI620405-527         -
1962-F03       2437780.50 1962 Apr 26          Scout X-2                -      S111                 SR 4B                -         PA       LC-D                   -  AFSC         OF -                        Sat                      VAFB                 -
1962-F04       2437795.00 1962 May 10 1206     Thor Ablestar            -      314  AB011           ANNA 1A              -         CC       LC17B                  -  USAF         OF -                        Sat                      Gatland1             -
1962-F05       2437808.50 1962 May 24          Scout X-2M               -      S112                 FTV 3501 (AF-1)      -         PA       LC-D                   -  AFSC         OF -                        Sat                      VAFB                 -
1962-F06       2437816.90 1962 Jun  1 0938     Vostok 8A92              -      E15000-01            -                    -         NIIP-5   LC1                    -  RVSN         OF -                        Sat                      NK96-10-65           -
1962-F07       2437867.89 1962 Jul 22 0921:23  Atlas Agena B            -      145D (AA5)           Mariner 1            -         CC       LC12                   -  USAF         OF -                        Sat                      KHR-1                -
1962-F08       2437962.50 1962 Oct 25          Kosmos 63S1              -      -                    -                    -         GTsP-4   Mayak-2                -  RVSN         OF -                        Sat                      AVMNLJ               AVMNLJ
1962-F09       2438016.36 1962 Dec 17 2036:33  Atlas Agena B            -      131D                 Midas 6              -         PA       LC1-2                  -  AFSC         OF -                        Sat                      VCR                  -
1963-F01       2438063.90 1963 Feb  3 0929:14  Molniya 8K78/E6          -      G103-10              -                    -         NIIP-5   LC1                    -  RVSN         OF -                        Sat                      NK9701-29            -
1963-F02       2438089.41 1963 Feb 28 2148     Thor SLV-2A Agena D      -      354                  CORONA 60/9052       -         V        75-3-5                 -  USAF         OF -                        Sat                      VCR                  -
1963-F03       2438107.38 1963 Mar 18 2113     Thor SLV-2A Agena D      -      360                  CORONA 61/LANYARD 1  -         V        75-3-4                 -  USAF         OF -                        Sat                      VCR                  -
1963-F04       2438124.63 1963 Apr  5 0301:43  Scout X-3                -      S119                 Transit VA-2 (N-2)   -         PA       LC-D                   -  AFSC         OF -                        Sat                      LAAFB                -
1963-F05       2438125.50 1963 Apr  6          Kosmos 63S1              -      -                    -                    -         GTsP-4   Mayak-2                -  RVSN         OF -                        Sat                      AVMDS                -
1963-F06       2438145.50 1963 Apr 26          Scout X-2M               -      S121                 OPS 1298 (AF-4)      -         PA       LC-D                   -  AFSC         OF -                        Sat                      VAFB                 -
1963-F07       2438146.34 1963 Apr 26 2013     Thor Agena D             -      372                  CORONA 63/9055A      -         V        75-1-1                 -  USAF         OF -                        Sat                      VCR                  -
1963-F08       2438181.62 1963 Jun  1 0250     Kosmos 63S1              -      -                    -                    -         GTsP-4   Mayak-2                -  RVSN         OF -                        Sat                      AVMDS                -
1963-F09       2438192.50 1963 Jun 12          Atlas Agena B            -      139D                 Midas 8              -         PA       LC1-2                  -  AFSC         OF -                        Sat                      VAFB                 -
1963-F10       2438220.50 1963 Jul 10          Vostok 8A92              -      E15000-04            -                    -         NIIP-5   LC1                    -  RVSN         OF -                        Sat                      NK96-10-65           -
1963-F11       2438263.50 1963 Aug 22          Kosmos 63S1              -      -                    -                    -         GTsP-4   Mayak-2                -  RVSN         OF -                        Sat                      AVMDS                -
1963-F12       2438299.97 1963 Sep 27 1117:49  Scout X-2B               -      S132                 OPS 1610 (AF-5)      -         PA       LC-D                   -  AFSC         OF -                        Sat                      LAAFB                -
1963-F13       2438326.50 1963 Oct 24          Kosmos 63S1              -      -                    -                    -         GTsP-4   Mayak-2                -  RVSN         OF -                        Sat                      AVMDS                -
1963-F14       2438343.35 1963 Nov  9 2027:54  Thor SLV-2 Agena D       -      400                  CORONA 73/9060       -         V        75-1-2                 -  USAF         OF -                        Sat                      VCR                  NRO-WS117L-028
1963-F15       2438361.50 1963 Nov 28          Vostok 8A92              -      G15001-02            -                    -         NIIP-5   LC1                    -  RVSN         OF -                        Sat                      NK96-10-65           -
1964-F01       2438444.74 1964 Feb 19 0547:40  Molniya 8K78M            -      T15000-19            -                    -         NIIP-5   LC1                    -  RVSN         OF -                        Sat                      NK9701-29            -
1964-F02       2438473.97 1964 Mar 19 1113:41  Thor Delta B             -      391/D24              BE-A                 -         CC       LC17A                  -  NASA         OF -                        Sat                      TR-1022              -
1964-F03       2438475.84 1964 Mar 21 0815:35  Molniya 8K78M            -      T15000-20            -                    -         NIIP-5   LC1                    -  RVSN         OF -                        Sat                      NK9701-29            -
1964-F04       2438479.43 1964 Mar 24 2222:48  Thor SLV-2A Agena D      -      396                  CORONA 77/1003       -         PA       LC1-1                  -  USAF         OF -                        Sat                      VCR                  NRO-WS117L-007
1964-F05       2438505.84 1964 Apr 20 0808:28  Molniya 8K78M            -      T15000-21            -                    -         NIIP-5   LC1                    -  RVSN         OF -                        Sat                      NK9701-29            -
1964-F07       2438550.50 1964 Jun  4          Molniya 8K78             -      R103-34              -                    -         NIIP-5   LC1                    -  RVSN         OF -                        Sat                      AVMNLJ               NK9701-29
1964-F08       2438571.57 1964 Jun 25 0140:24  Scout X-4                -      S128R                ESRS (PL-94, CRL-2)  -         PA       LC-D                   -  AFSC         OF -                        Sat                      LAAFB                -
1964-F09       2438577.09 1964 Jun 30 1404:22  Atlas Centaur            -      AC-3                 R&D                  -         CC       LC36A                500? NASA         OF -                        Sat                      TR-1022              -
1964-F10       2438640.13 1964 Sep  1 1500:06  Titan IIIA               -      3A-2                 Transtage            -         CC       LC20                   -  USAF         OF -                        Sat                      Titan3Review         MM/Titan
1964-F11       2438676.50 1964 Oct  8          Atlas SLV-3 Agena D      -      7103                 AFP-206              -         V        PALC2-4                -  AFSC         OF -                        Sat                      VAFB                 -
1964-F12       2438691.81 1964 Oct 23 0730     Kosmos 65S3              -      01L                  -                    -         NIIP-5   LC41/15                -  RVSN         OF -                        Sat                      Glazami              NK9912-73
1964-F13       2438730.50 1964 Dec  1          Kosmos 63S1              -      -                    -                    -         GTsP-4   LC86/1                 -  RVSN         OF -                        Sat                      AVMDS                -
1965-F01       2438782.40 1965 Jan 21 2134:54  Atlas D                  -      172D                 ABRES MTV-1/OV1-1    -         V        576B3                  -  AFSC         OF -                        Sat                      VCR                  -
1965-F02       2438803.50 1965 Feb 12          Kosmos 63S1              -      -                    -                    -         GTsP-4   LC86/1                 -  RVSN         OF -                        Sat                      AVMDS                -
1965-F03       2438811.50 1965 Feb 20          Kosmos 63S1              -      -                    -                    -         GTsP-4   LC86/1                 -  RVSN         OF -                        Sat                      AVMDS                -
1965-F04       2438822.06 1965 Mar  2 1325     Atlas Centaur            -      AC-5                 SD-1                 -         CC       LC36A                  -  NASA         OF -                        Sat                      TR-1022              -
1965-F05       2438860.50 1965 Apr 10          Molniya 8K78             -      R103-26              -                    -         NIIP-5   LC1                    -  RVSN         OF -                        Sat                      NK9701-29            -
1965-F06       2438908.62 1965 May 28 0254:56  Atlas D                  -      68D                  OV1-3/Mk 3 RV        -         V        ABRESB3                -  AFSC         OF -                        Sat                      VCR                  -
1965-F07       2438954.29 1965 Jul 12 1900     Atlas SLV-3 Agena D      -      7112                 AFP-206              -         V        PALC2-4                -  AFSC         OF -                        Sat                      LR650712             -
1965-F08       2438954.50 1965 Jul 13          Vostok 8A92              -      R15002-05            -                    -         NIIP-5   LC31                   -  RVSN         OF -                        Sat                      NK96-10-65           -
1965-F09       2438998.14 1965 Aug 25 1517:00  Thor Delta C             -      434/D33              OSO C                -         CC       LC17B                  -  NASA         OF -                        Sat                      TR-1022              -
1965-F10       2439006.33 1965 Sep  2 2000:16  Thor SLV-2 Agena D       -      401                  CORONA 99/R&D        -         V        75-3-5                11  USAF         OF -                        Sat                      VCR                  -
1965-F11       2439059.12 1965 Oct 25 1500     Atlas SLV-3 Agena D      -      5301                 GATV 5002            -         CC       LC14                   -  USAF         OF -                        Sat                      KHR-1                -
1965-F12       2439122.50 1965 Dec 28          Kosmos 63S1              -      -                    -                    -         GTsP-4   LC86/1                 -  RVSN         OF -                        Sat                      AVMDS                -
1966-F01       2439133.70 1966 Jan  8 0448:23  Thor Burner 1            -      251                  DAPP/OPS 2394        -         V        4300B6                 -  S4300        OF -                        Sat                      VCR                  -
1966-F02       2439177.50 1966 Feb 21          Kosmos 63S1              -      -                    -                    -         GTsP-4   LC86/1                 -  RVSN         OF -                        Sat                      AVMDS                -
1966-F03       2439208.50 1966 Mar 24          UR-500                   -      211                  -                    -         NIIP-5   LC81/23                -  RVSN         OF -                        Sat                      NK9810-25            -
1966-F04       2439211.50 1966 Mar 27          Molniya 8K78M            -      N103-38              -                    -         NIIP-5   LC31                   -  RVSN         OF -                        Sat                      NK9701-29            Kosmodrom6-15
1966-F05       2439249.31 1966 May  3 1925:25  Thor SLV-2A Agena D      -      465                  CORONA 108/1032      -         V        75-3-5                 -  USAF         OF -                        Sat                      VCR                  -
1966-F06       2439262.50 1966 May 17          Voskhod 11A57            -      -                    -                    -         NIIP-53  LC41/1                 -  RVSN         OF -                        Sat                      AVMNLJ               AVMNLJ
1966-F07       2439263.14 1966 May 17 1515:03  Atlas SLV-3 Agena D      -      5303                 GATV 5004            -         CC       LC14                   -  USAF         OF -                        Sat                      GT9PAO               -
1966-F08       2439364.08 1966 Aug 26 1359:56  Titan IIIC               -      3C-12                IDCSP                -         CC       LC41                   -  USAF         OF -                        Sat                      Titan3Review         MM/Titan
1966-F09       2439384.50 1966 Sep 16          Vostok 8A92              -      -                    -                    -         NIIP-5   LC31                   -  RVSN         OF -                        Sat                      NK96-10-65           -
1966-F10       2439394.62 1966 Sep 26 0258     Lambda 4S                -      L-4S-1               -                    -         KASC     L                    400  ISAS         OF -                        Sat                      ISTS7                MR661017-34
1966-F11       2439446.04 1966 Nov 16 1300     Kosmos 11K65             -      -                    -                    -         NIIP-5   LC41/15                -  RVSN         OF -                        Sat                      AVMNLJ               NK9912-73
1966-F12       2439473.96 1966 Dec 14 1100     Soyuz 11A511             -      U15000-01            -                    -         NIIP-5   LC31                   -  RVSN         OF -                        Sat                      NK0204-71            AVMNLJ
1966-F13       2439479.60 1966 Dec 20 0220     Lambda 4S                -      L-4S-2               -                    -         KASC     L                    400  ISAS         OF -                        Sat                      ISTS7                -
1967-F01       2439522.03 1967 Jan 31 1245:01  Scout B                  -      S151C                OV3-5                -         V        SLC5                   -  AFSC         OF -                        Sat                      LAAFB                -
1967-F02       2439572.09 1967 Mar 22 1405     R-36O 8K69               -      N22500 No. 08L       -                    -         NIIP-5   LC161/35               -  RVSN         OF -                        Sat                      Kosmodrom9904        Kosmodrom9904
1967-F03       2439593.61 1967 Apr 13 0240     Lambda 4S                -      L-4S-3               -                    -         KASC     L                    200  ISAS         OF -                        Sat                      Asahi670413          SP-4008
1967-F04       2439607.25 1967 Apr 26 1800     Titan IIIB               -      3B-5                 KH-8                 -         V        SLC4W                  -  USAF         OF -                        Sat                      LR670426             MM/Titan
1967-F05       2439640.59 1967 May 30 0206:00  Scout B                  -      S152C                ESRO 2A              -         V        SLC5                   -  AFSC         OF -                        Sat                      LAAFB                -
1967-F06       2439661.50 1967 Jun 20          Voskhod 11A57            -      -                    -                    -         NIIP-53  LC41/1                 -  RVSN         OF -                        Sat                      AVMNLJ               AVMNLJ
1967-F07       2439667.50 1967 Jun 26          Kosmos 11K65M            -      -                    -                    -         NIIP-53  LC132/2                -  RVSN         OF -                        Sat                      AVMNLJ               AVMNLJ
1967-F08       2439692.50 1967 Jul 21          Voskhod 11A57            -      Ya15001-14           -                    -         NIIP-5   LC31                   -  RVSN         OF -                        Sat                      AVMNLJ               -
1967-F09       2439734.94 1967 Sep  1 1030     Voskhod 11A57            -      -                    -                    -         NIIP-53  -                      -  RVSN         OF -                        Sat                      NK96-10-65           AVMS
1967-F10       2439760.50 1967 Sep 27          Kosmos 11K65M            -      -                    -                    -         NIIP-53  LC132/2                -  RVSN         OF -                        Sat                      AVMNLJ               AVMNLJ
1967-F11       2439761.42 1967 Sep 27 2211:54  Proton-K/D               -      229-01               -                    -         NIIP-5   LC81/23                -  RVSN         OF -                        Sat                      NK9810-25            NK9810-25
1967-F12       2439817.30 1967 Nov 22 1907:59  Proton-K/D               -      230-01               -                    -         NIIP-5   LC81/24                -  RVSN         OF -                        Sat                      NK9810-25            NK9810-25
1968-F01       2439893.95 1968 Feb  7 1043:54  Molniya 8K78M            -      Ya716-57             -                    -         NIIP-5   LC1                    -  RVSN         OF -                        Sat                      NK9701-29            AVMNLJ
1968-F02       2439921.96 1968 Mar  6 1102:57  Kosmos 11K63             -      -                    -                    -         GTsP-4   LC86/4                 -  RVSN         OF -                        Sat                      AVMDS                AVMDS
1968-F03       2439969.46 1968 Apr 22 2301:27  Proton-K/D               -      232-01               -                    -         NIIP-5   LC81/24                -  RVSN         OF -                        Sat                      NK9810-25            NK9810-25
1968-F04       2439994.85 1968 May 18 0823     Thorad SLV-2G Agena D    -      520 (TA9)            Nimbus B             -         V        SLC2E                  -  USAF         OF -                        Sat                      JG9602               -
1968-F05       2440011.50 1968 Jun  4          Kosmos 11K65M            -      -                    -                    -         NIIP-53  LC132/2                -  RVSN         OF -                        Sat                      AVMNLJ               AVMNLJ
1968-F06       2440022.50 1968 Jun 15          Kosmos 11K65             -      -                    -                    -         NIIP-5   LC41/15                -  RVSN         OF -                        Sat                      AVMNLJ               NK9912-73
1968-F07       2440085.37 1968 Aug 16 2057:44  Atlas Burner 2           -      7004                 P68-1                -         V        SLC3E                  -  AFSC         OF -                        Sat                      VCR                  -
1968-F08       2440118.51 1968 Sep 19 0009:00  Thor Delta M             -      529/D59              Intelsat III F-1     -         CC       LC17A                  -  NASA         OF -                        Sat                      TR-1022              -
1968-F09       2440190.47 1968 Nov 29 2312:02  Europa I                 -      F-7                  STV 1                -         WOO      LA6A                 230? ELDO         OF -                        Sat                      Henderson            ELDOBull
1969-F01       2440241.68 1969 Jan 20 0414:36  Proton-K/D               -      237-01               -                    -         NIIP-5   LC81/23                -  RVSN         OF -                        Sat                      NK9810-25            AVMNLJ
1969-F03       2440254.01 1969 Feb  1 1211     Vostok 8A92M             -      -                    -                    -         NIIP-53  -                      -  RVSN         OF -                        Sat                      PL-WWW               AVMS
1969-F04       2440271.78 1969 Feb 19 0648:15  Proton-K/D               -      239-01               -                    -         NIIP-5   LC81/24                -  RVSN         OF -                        Sat                      NK9524-70            NK9810-25
1969-F05       2440273.89 1969 Feb 21 0918:07  N-1 11A52                -      3L                   -                    -         NIIP-5   LC110R                30  RVSN         OF -                        Sat                      JCM                  -
1969-F06       2440307.94 1969 Mar 27 1040:45  Proton-K/D               -      240-01               -                    -         NIIP-5   LC81/23                -  RVSN         OF -                        Sat                      NK9810-25            KIAM
1969-F07       2440313.94 1969 Apr  2 1033:00  Proton-K/D               -      233-01               -                    -         NIIP-5   LC81/24                -  RVSN         OF -                        Sat                      NK9810-25            KIAM
1969-F08       2440386.67 1969 Jun 14 0400:47  Proton-K/D               -      238-01               -                    -         NIIP-5   LC81/24                -  RVSN         OF -                        Sat                      NK9810-25            NK9810-25
1969-F09       2440405.45 1969 Jul  2 2255     Europa I                 -      F-8                  STV 2                -         WOO      LA6A                 300? ELDO         OF -                        Sat                      Henderson            -
1969-F10       2440406.35 1969 Jul  3 2018:32  N-1 11A52                -      5L                   -                    -         NIIP-5   LC110R                 -  RVSN         OF -                        Sat                      JCM                  -
1969-F11       2440425.88 1969 Jul 23 0900:10  Kosmos 11K63             -      -                    -                    -         NIIP-53  LC133/1                -  RVSN         OF -                        Sat                      AVMDS                AVMDS
1969-F12       2440461.42 1969 Aug 27 2159:00  Thor Delta L             -      540/D73              Pioneer E            -         CC       LC17A                  -  NASA         OF -                        Sat                      TR-1022              -
1969-F13       2440486.59 1969 Sep 22 0210     Lambda 4S                -      L-4S-4               -                    -         KASC     L                    400  ISAS         OF KYO/Tsukuda              Sat                      JCM                  -
1969-F14       2440553.88 1969 Nov 28 0900:00  Proton-K/D               -      245-01               -                    -         NIIP-5   LC81/23                -  RVSN         OF -                        Sat                      NK9810-25            NK9810-25
1969-F15       2440582.50 1969 Dec 27          Kosmos 11K65M            -      -                    -                    -         NIIP-53  LC132/1                -  RVSN         OF -                        Sat                      AVMNLJ               AVMNLJ
1970-F01       2440617.15 1970 Jan 30 1540:01  Kosmos 11K63             -      -                    -                    -         NIIP-53  LC133/1                -  RVSN         OF -                        Sat                      AVMDS                AVMDS
1970-F02       2440623.68 1970 Feb  6 0416:06  Proton-K/D               -      247-01               -                    -         NIIP-5   LC81/23?               -  RVSN         OF -                        Sat                      NK9810-25            NK9810-25
1970-F03       2440729.03 1970 May 22 1239:55  Kosmos 11K63             -      -                    -                    -         NIIP-53  LC133/1                -  RVSN         OF -                        Sat                      AVMDS                AVMDS
1970-F05       2440764.50 1970 Jun 27          Kosmos 11K65M            -      -                    -                    -         NIIP-53  LC132/1                -  RVSN         OF -                        Sat                      AVMNLJ               AVMNLJ
1970-F06       2440788.50 1970 Jul 21          Voskhod 11A57            -      -                    -                    -         NIIP-53  LC43/4                 -  RVSN         OF -                        Sat                      AVMNLJ               AVMNLJ
1970-F07       2440831.52 1970 Sep  2 0034:05  Black Arrow              -      R-2                  X-2                  -         WOO      LA5B                 550  RAE          OF -                        Sat                      Wroughton            Morton
1970-F08       2440854.72 1970 Sep 25 0517     Mu-4S                    -      M-4S-1               MS-F1                -         KASC     M                    712  ISAS         OF -                        Sat                      Asahi700925          SRJ
1970-F10       2440943.40 1970 Dec 22 2130     Kosmos 11K65M            -      47117-106            -                    -         NIIP-53  LC132/2                -  RVSN         OF -                        Sat                      AVMDS                Polyot
1971-F01       2441000.34 1971 Feb 17 2004:30  Thorad SLV-2H Agena D    ?      537                  CORONA 141/1113      -         V        SLC3W                  -  USAF         OF -                        Sat                      PER1113              JG9602
1971-F02       2441015.84 1971 Mar  5 0815:02  Kosmos 11K63             -      -                    -                    -         GTsP-4   LC86/4                 -  RVSN         OF -                        Sat                      AVMDS                -
1971-F03       2441015.50 1971 Mar  5          Voskhod 11A57            -      -                    -                    -         NIIP-53  -                      -  RVSN         OF -                        Sat                      AVMNLJ               AVMS
1971-F04       2441080.55 1971 May  9 0111:02  Atlas SLV-3C Centaur     -      AC-24                Mariner 8            -         CC       LC36A                  -  NASA         OF -                        Sat                      JPL-TR-32-1550       -
1971-F05       2441127.50 1971 Jun 25          Voskhod 11A57            -      -                    -                    -         NIIP-53  -                      -  RVSN         OF -                        Sat                      AVMNLJ               AVMS
1971-F06       2441129.47 1971 Jun 26 2315:08  N-1 11A52                -      6L                   -                    -         NIIP-5   LC110L                 1  RVSN         OF -                        Sat                      JCM                  -
1971-F07       2441154.50 1971 Jul 22          Kosmos 11K65M            -      Yu149-32             -                    -         NIIP-53  LC132/2                -  RVSN         OF -                        Sat                      AVMNLJ               Polyot
1971-F08       2441166.96 1971 Aug  3 1100:00  Kosmos 11K63             -      -                    -                    -         NIIP-53  LC133/1                -  RVSN         OF -                        Sat                      AVMDS                AVMDS
1971-F09       2441182.50 1971 Aug 19          Voskhod 11A57            -      -                    -                    -         NIIP-5   -                      -  RVSN         OF -                        Sat                      AVMNLJ               AVMS
1971-F10       2441261.04 1971 Nov  5 1300     Europa II                -      F-11                 STV 4/PAS            -         CSG      CECLES                27  ELDO         OF -                        Sat                      Rothmund             -
1971-F12       2441288.50 1971 Dec  3          Voskhod 11A57            -      -                    -                    -         NIIP-53  -                      -  RVSN         OF -                        Sat                      AVMNLJ               AVMS
1971-F13       2441290.44 1971 Dec  4 2233     Atlas SLV-3A Agena D     -      5503A                AFP-827              -         CC       LC13                   -  USAF         OF -                        Sat                      Wire                 AFMTC
1971-F14       2441291.18 1971 Dec  5 1620     Diamant B                -      No. 4                D-2A                 -         CSG      Diamant                -  CNES         OF -                        Sat                      JCM                  -
1972-F01       2441363.92 1972 Feb 16 0959     Titan 33B                -      33B-2 (3B-37)        OPS 1844             -         V        SLC4W                  -  USAF         OF -                        Sat                      AP                   MM/Titan
1972-F02       2441432.98 1972 Apr 25 1129:59  Kosmos 11K63             -      -                    -                    -         NIIP-53  LC133/1                -  RVSN         OF -                        Sat                      AVMDS                AVMDS
1972-F03       2441458.15 1972 May 20 1530     Titan 24B                -      24B-4 (3B-35)        KH-8A                -         V        SLC4W                  -  USAF         OF -                        Sat                      Wire                 MM/Titan
1972-F04       2441527.64 1972 Jul 29 0320:57  Proton-K                 -      260-01               -                    -         NIIP-5   LC81/23                -  RVSN         OF -                        Sat                      NK9810-25            KIAM
1972-F05       2441562.50 1972 Sep  2          Voskhod 11A57            -      -                    -                    -         NIIP-53  -                      -  RVSN         OF -                        Sat                      AVMNLJ               AVMS
1972-F06       2441607.50 1972 Oct 17          Kosmos 11K65M            -      Yu149-40             -                    -         NIIP-53  LC132/1                -  RVSN         OF -                        Sat                      AVMNLJ               Polyot
1972-F07       2441644.76 1972 Nov 23 0611:55  N-1 11A52                -      7L                   -                    -         NIIP-5   LC110L                40  RVSN         OF -                        Sat                      JCM                  -
1973-F03       2441827.50 1973 May 25          Kosmos 11K65M            -      65024-109            -                    -         NIIP-53  LC132/1                -  RVSN         OF -                        Sat                      AVMNLJ               Polyot
1973-F04       2441860.21 1973 Jun 26 1700     Titan 24B                -      24B-9  (3B-43)       KH-8A                -         V        SLC4W                  -  USAF         OF -                        Sat                      LR730626             MM/Titan
1973-F05       2441867.50 1973 Jul  4          Voskhod 11A57            -      -                    -                    -         NIIP-53  -                      -  RVSN         OF -                        Sat                      AVMNLJ               AVMS
1973-F06       2441880.22 1973 Jul 16 1710:21  Delta 0300               -      578/D96              ITOS E               -         V        SLC2W                  -  NASA         OF -                        Sat                      TR-1022              -
1973-F07       2441944.01 1973 Sep 18 1212     Feng Bao 1               -      701-03               JSSW                 -         JQ       LA2B                   -  XPRC         OF -                        Sat                      LissovC              JBIS55-226
1974-F01       2442090.08 1974 Feb 11 1348:02  Titan IIIE               -      23E-1/TC-1           Centaur Proof Test   -         CC       LC41                   -  USAF         OF -                        Sat                      TR-1022              MM/Titan
1974-F02       2442149.50 1974 Apr 12          Voskhod 11A57            -      -                    -                    -         NIIP-5   -                      -  RVSN         OF -                        Sat                      AVMNLJ               AVMS
1974-F03       2442191.01 1974 May 23 1217     Soyuz 11A511U            -      -                    -                    -         NIIP-53  -                      -  RVSN         OF -                        Sat                      NK9718-91            AVMS
1974-F04       2442239.96 1974 Jul 11 1059:58  Kosmos 11K63             -      -                    -                    -         NIIP-53  LC133/1                -  RVSN         OF -                        Sat                      AVMDS                -
1974-F05       2442241.08 1974 Jul 12 1355     Feng Bao 1               -      701-04               JSSW                 -         JQ       LA2B                   -  XPRC         OF -                        Sat                      LissovC              JBIS55-226
1974-F06       2442289.50 1974 Aug 30          Voskhod 11A57            -      -                    -                    -         NIIP-53  -                      -  RVSN         OF -                        Sat                      AVMNLJ               AVMS
1974-F07       2442356.90 1974 Nov  5 0940     Chang Zheng 2            -      CZ2-1    (3)         FSW                  -         JQ       LA2B                   -  XPRC         OF -                        Sat                      LissovC              -
1975-F01       2442464.48 1975 Feb 20 2335:00  Atlas SLV-3D Centaur     -      AC-33                Intelsat 4 F-6       -         CC       LC36A                  -  NASA         OF -                        Sat                      TR-1022              -
1975-F02       2442507.96 1975 Apr  5 1104:54  Soyuz 11A511             -      -                    Soyuz                -         NIIP-5   LC1                    -  RVSN         OF -                        Sat                      NK0204-71            -
1975-F03       2442515.54 1975 Apr 13 0051     Atlas F                  -      71F                  STP P72-2            -         V        SLC3W                  -  AFSC         OF -                        Sat                      JG9602               -
1975-F04       2442566.88 1975 Jun  3 0900     Kosmos 11K65M            -      53721-257            -                    -         GTsP-4   LC107/2                -  RVSN         OF -                        Sat                      AVMDS                Polyot
1975-F05       2442701.67 1975 Oct 16 0404:56  Proton-K/D               -      287-02               -                    -         NIIP-5   LC81/23                -  RVSN         OF -                        Sat                      NK9810-25            NK9810-25
1975-F06       2442752.65 1975 Dec  6 0335:01  Scout F-1                -      S196C                DAD A/B              -         V        SLC5                   -  AFSC         OF -                        Sat                      NASAHIST             LAAFB
1975-F07       2442765.50 1975 Dec 19          Kosmos 11K65M            -      53721-263            -                    -         NIIP-53  LC132/1              675? RVSN         OF -                        Sat                      AVMNLJ               Polyot
1976-F01       2442812.75 1976 Feb  4 0600     Mu-3C                    -      M-3C-3               CORSA                -         KASC     M                      -  ISAS         OF -                        Sat                      Asahi760204          SRJ
1976-F02       2443055.96 1976 Oct  4 1100     Soyuz 11A511U            -      -                    -                    -         NIIP-53  -                      -  RVSN         OF -                        Sat                      NK96-26-40           AVMS
1976-F03       2443092.88 1976 Nov 10 0905     Feng Bao 1               -      701-08               JSSW                 -         JQ       LA2B                   -  XPRC         OF -                        Sat                      LissovC              JBIS55-226
1977-F01       2443196.50 1977 Feb 22          Soyuz 11A511U            -      -                    -                    -         NIIP-5   LC31                   -  RVSN         OF -                        Sat                      AVMNLJ               AVMNLJ
1977-F02       2443360.42 1977 Aug  4 2200     Proton-K                 -      293-01               -                    -         NIIP-5   LC81/24                -  RVSN         OF -                        Sat                      NK9810-25            NK9810-25
1977-F03       2443365.50 1977 Aug 10          Soyuz 11A511U            -      -                    -                    -         NIIP-5   LC31                   -  RVSN         OF -                        Sat                      AVMNLJ               AVMNLJ
1977-F04       2443400.48 1977 Sep 13 2331:00  Delta 3914               -      619/D134             OTS 1                -         CC       LC17A                  -  NASA         OF -                        Sat                      CCMOPS               -
1977-F05       2443416.54 1977 Sep 30 0102:59  Atlas SLV-3D Centaur     -      AC-43                Intelsat 4A F-5      -         CC       LC36A                  -  NASA         OF -                        Sat                      CCMOPS               -
1977-F06       2443476.50 1977 Nov 29          Kosmos 11K65M            -      53721-265            -                    -         NIIP-53  LC132/1                -  RVSN         OF -                        Sat                      AVMNLJ               Polyot
1978-F01       2443593.26 1978 Mar 25 1809:00  Titan IIIC               -      23C-17 (3C-35)       DSCS II 9/10         -         CC       LC40                   -  AFSC         OF -                        Sat                      AFT3                 MM/Titan
1978-F02       2443655.56 1978 May 27 0125:00  Proton-K/DM              -      294-02               -                    -         NIIP-5   LC200/40               -  RVSN         OF -                        Sat                      NK9810-25            NK9810-25
1978-F03       2443738.33 1978 Aug 17 2002:00  Proton-K/DM              -      297-02               -                    -         NIIP-5   LC200/40               -  RVSN         OF -                        Sat                      NK9810-25            NK9810-25
1978-F04       2443799.17 1978 Oct 17 1604:00  Proton-K/DM              -      298-01               -                    -         NIIP-5   LC200/40               -  RVSN         OF -                        Sat                      NK9810-25            NK9810-25
1979-F01       2443920.50 1979 Feb 16          Soyuz 11A511U            -      -                    -                    -         NIIP-53  -                      -  RVSN         OF -                        Sat                      AVMNLJ               AVMS
1979-F02       2444082.39 1979 Jul 27 2128     Feng Bao 1               -      XCZ-1-02             SJ-2                 -         JQ       LA2B                   -  XPRC         OF -                        Sat                      LissovC              JBIS55-226
1979-F03       2444095.60 1979 Aug 10 0228     SLV-3                    -      SLV-3-E1             RS-1                 -         SHAR     SLV                    -  ISRO         OF -                        Sat                      Raj                  SP-4024
1980-F01       2444383.10 1980 May 23 1429:39  Ariane 1                 -      L02                  Firewheel            -         CSG      ELA1                   -  ESA          OF -                        Sat                      CNES32               -
1980-F02       2444435.60 1980 Jul 15 0222:11  Thor DSV-2U              -      304                  DMSP 5D F-5          -         V        SLC10W                 -  S394I        OF -                        Sat                      SAC7383              -
1981-F01       2444627.97 1981 Jan 23 1120     Tsiklon-3                -      -                    -                    -         NIIP-53  LC32/1                 -  RVSN         OF -                        Sat                      PL39                 PL39
1981-F02       2444691.90 1981 Mar 28 0930     Soyuz 11A511U            -      -                    -                    -         NIIP-5   LC31                   -  RVSN         OF -                        Sat                      NK9718-91            Kosmodrom6-15
1981-F03       2444957.55 1981 Dec 19 0110     Atlas E/SVS              -      76E                  GPS 7                -         V        SLC3E                  -  AFSC         OF -                        Sat                      LR781220             -
1982-F01       2445032.50 1982 Mar  4          Kosmos 11K65M            -      53739-530            -                    -         GTsP-4   LC107/1                -  UNKS         OF -                        Sat                      AVMNLJ               Polyot
1982-F02       2445104.50 1982 May 15          Soyuz 11A511U            -      -                    -                    -         NIIP-53  -                      -  UNKS         OF -                        Sat                      AVMNLJ               AVMS
1982-F03       2445132.50 1982 Jun 12          Soyuz 11A511U            -      -                    -                    -         NIIP-5   LC1                    -  UNKS         OF -                        Sat                      AVMNLJ               Kosmodrom6-15
1982-F04       2445173.42 1982 Jul 22 2211     Proton-K/DM              -      307-02               -                    -         NIIP-5   LC200/40               -  UNKS         OF -                        Sat                      NK9810-25            NK9810-25
1982-F05       2445211.50 1982 Aug 30          Kosmos 11K65M            -      65047-236            -                    -         NIIP-53  LC132/2                -  UNKS         OF -                        Sat                      AVMNLJ               Polyot
1982-F06       2445221.59 1982 Sep  9 0212:00  Ariane 1                 -      L5                   Marecs B             -         CSG      ELA1                   -  ESA          OF -                        Sat                      Desobeau             -
1982-F07       2445297.50 1982 Nov 24          Kosmos 11K65M            -      47183-465            -                    -         NIIP-53  LC132/1                -  UNKS         OF -                        Sat                      AVMNLJ               Polyot
1982-F08       2445328.00 1982 Dec 24 1200     Proton-K/DM              -      314-01               -                    -         NIIP-5   LC200/39               -  UNKS         OF -                        Sat                      NK9810-25            NK9810-25
1983-F01       2445359.50 1983 Jan 25          Kosmos 11K65M            -      47193-480            -                    -         NIIP-53  LC132/2                -  UNKS         OF -                        Sat                      AVMNLJ               Polyot
1983-F02       2445604.32 1983 Sep 26 1937:51  Soyuz 11A511U            -      -                    Soyuz                -         NIIP-5   LC1                    -  UNKS         OF -                        Sat                      NK0204-71            -
1985-F01       2446168.50 1985 Apr 13          Zenit-2                  -      -                    -                    -         NIIP-5   -                      -  UNKS         OF -                        Sat                      AVMNLJ               AVMS
1985-F02       2446306.39 1985 Aug 28 2120     Titan 34D                -      34D-7  (04D-6)       -            [IC1]   -         V        SLC4E                  -  AFSC         OF -                        Sat                      LR850829             MM/Titan
1985-F03       2446321.48 1985 Sep 12 2326:00  Ariane 3                 -      V15                  ECS 3/Spacenet 3     -         CSG      ELA1                   -  AE           OF -                        Sat                      CNES32               -
1985-F04       2446362.23 1985 Oct 23 1724     Kosmos 11K65M            -      65034-135            -                    -         NIIP-53  LC133/3                -  UNKS         OF -                        Sat                      JCM                  Polyot
1986-F01       2446459.19 1986 Jan 28 1638:00  Space Shuttle            -      STS-33/51-L          TDRS-B/Spartan       MLP2      KSC      LC39B                 15  NASA         OF -                        Sat                      STSJSC               -
1986-F02       2446515.50 1986 Mar 26          Soyuz 11A511U            -      -                    -                    -         NIIP-5   -                      -  UNKS         OF -                        Sat                      AVMNLJ               AVMS
1986-F03       2446539.28 1986 Apr 18 1845:01  Titan 34D                -      34D-9  (04D-2)       -            [KH9]   -         V        SLC4E                  -  AFSC         OF -                        Sat                      Mishap-86-4-18-701   MM/Titan
1986-F04       2446554.43 1986 May  3 2218     Delta 3914               -      D178                 GOES G               -         CC       LC17A                  -  NASA         OF -                        Sat                      AWST860512-20        -
1986-F05       2446581.54 1986 May 31 0053:03  Ariane 2                 -      V18                  Intelsat 514         -         CSG      ELA1                   -  AE           OF -                        Sat                      CNES32               -
1986-F06       2446718.50 1986 Oct 15          Tsiklon-3                -      -                    -                    -         NIIP-53  -                      -  UNKS         OF -                        Sat                      AVMNLJ               AVMS
1986-F07       2446763.83 1986 Nov 29 0800     Proton-K                 -      338-01               -                    -         NIIP-5   LC200/40               -  UNKS         OF -                        Sat                      NK9810-25            NK9810-25
1987-F01       2446878.78 1987 Mar 24 0639     ASLV                     -      ASLV-D1              SROSS A              -         SHAR     SLV                   10? ISRO         OF -                        Sat                      Raj                  -
1987-F02       2446881.39 1987 Mar 26 2122:00  Atlas G Centaur          -      AC-67                FLTSATCOM 6          -         CC       LC36B                  -  NASA         OF -                        Sat                      patrick.af.mil       -
1987-F04       2446964.81 1987 Jun 18 0724:59  Soyuz 11A511U            -      77015-105            -                    -         NIIP-53  LC43/3                 -  UNKS         OF -                        Sat                      NK95-20-29           NK9909-68
1988-F01       2447178.92 1988 Jan 18 0958:00  Proton-K/DM-2            -      341-02               Gorizont             -         NIIP-5   LC200/40               -  UNKS         OF -                        Sat                      NK9602-24            NK9810-25
1988-F02       2447351.50 1988 Jul  9          Soyuz 11A511U            -      -                    -                    -         NIIP-5   -                      -  UNKS         OF -                        Sat                      AVMNLJ               AVMS
1988-F03       2447355.89 1988 Jul 13 0918     ASLV                     -      ASLV-D2              SROSS B              -         SHAR     SLV                   25  ISRO         OF -                        Sat                      Raj                  -
1988-F04       2447369.88 1988 Jul 27 0905:00  Soyuz 11A511U            -      78039130             -                    -         NIIP-53  LC43/4                 -  UNKS         OF -                        Sat                      NK95-20-29           NK9909-68
1988-F05       2447476.50 1988 Nov 11          Soyuz 11A511U            -      -                    -                    -         NIIP-5   -                      -  UNKS         OF -                        Sat                      AVMNLJ               AVMS
1989-F01       2447686.92 1989 Jun  9 1010:00  Tsiklon-3                -      -                    Okean                -         NIIP-53  LC32/2                 -  UNKS         OF -                        Sat                      NK9422-49            PL36
1990-F01       2447945.47 1990 Feb 22 2317:00  Ariane 44L               44L    V36                  Superbird B/BS 2X    -         CSG      ELA2                   9  AE           OF -                        Sat                      CNES32               -
1990-F02       2447984.50 1990 Apr  3          Soyuz 11A511U            -      -                    -                    -         NIIP-53  -                      -  UNKS         OF -                        Sat                      AVMNLJ               AVMS
1990-F03       2448075.50 1990 Jul  3          Soyuz 11A511U            -      -                    -                    -         NIIP-53  -                      -  UNKS         OF -                        Sat                      AVMNLJ               AVMS
1990-F04       2448113.35 1990 Aug  9 2018:59  Proton-K/DM-2            -      345-02               -                    -         GIK-5    LC200/39               -  UNKS         OF -                        Sat                      NK9810-25            NK9810-25
1990-F05       2448168.50 1990 Oct  4          Zenit-2                  -      -                    -                    -         GIK-5    LC45/2                 -  UNKS         OF -                        Sat                      AVMNLJ               -
1991-F01       2448365.48 1991 Apr 18 2330     Atlas I                  -      AC-70                BS-3H                -         CC       LC36B                175  GDCLS        OF -                        Sat                      SN910422-1           -
1991-F02       2448432.50 1991 Jun 25          Kosmos 11K65M            -      65061-262            -                    -         NIIP-53  LC132/1                -  UNKS         OF -                        Sat                      AVMNLJ               Polyot
1991-F03       2448498.87 1991 Aug 30 0858:01  Zenit-2                  -      -                    -                    -         GIK-5    LC45/1                 -  UNKS         OF -                        Sat                      NK91-3               -
1992-F01       2448657.50 1992 Feb  5          Zenit-2                  -      -                    -                    -         GIK-5    LC45/1                 -  UNKSR        OF -                        Sat                      AVMNLJ               -
1992-F02       2448857.44 1992 Aug 22 2240     Atlas I                  -      AC-71                Galaxy 1R            -         CC       LC36B                  -  GDCLS        OF -                        Sat                      AWST920831-22        -
1993-F01       2449134.56 1993 May 27 0122:00  Proton-K/DM-2            -      364-02               Gorizont             -         GIK-5    LC81/23                -  VKSR         OF -                        Sat                      NK9602-24            NK9810-25
1993-F02       2449202.33 1993 Aug  2 1959     Titan 403A               -      K-11   (45F-9)       -           [NOSS12] -         V        SLC4E                 33  AFMC         OF -                        Sat                      Wire                 -
1993-F03       2449250.72 1993 Sep 20 0512     PSLV                     -      PSLV-D1              IRS-1E               -         SHAR     PSLV                   -  ISRO         OF -                        Sat                      SN930927-28          -
1993-F04       2449266.25 1993 Oct  5 1756     Titan II SLV             -      23G-5                Landsat 6            -         V        SLC4W                724  AFMC         OF -                        Sat                      Wire                 -
1994-F01       2449377.40 1994 Jan 24 2137:00  Ariane 44LP              44LP+  V63                  Eut. 2F5/Turksat 1A  -         CSG      ELA2                   -  AE           OF -                        Sat                      CNES32               -
1994-F02       2449497.93 1994 May 25 1015:00  Tsiklon-3                -      -                    -                    -         GNIIP    LC32/2                 -  VKSR         OF -                        Sat                      NK9501-24            PL37
1994-F03       2449531.39 1994 Jun 27 2115     Pegasus XL               -      F6                   STEP 1               L-1011    V        RW30/12  -> PAWA      38  ORB          OF -                        Sat                      Wire                 -
1994-F04       2449688.46 1994 Dec  1 2257:51  Ariane 42P               42P-3  V70                  PAS 3                -         CSG      ELA2                   -  AE           OF -                        Sat                      CNES32               -
1995-F01       2449743.44 1995 Jan 25 2240     Chang Zheng 2E           -      CZ2E-5   (37)        Apstar 2             -         XSC      LC2                    -  XPRC         OF -                        Sat                      WSL                  AWST950130-29
1995-F02       2449804.92 1995 Mar 28 1000     Start                    -      -                    Techsat/Unamsat      -         GNIIP    LC158                  -  RVSNR        OF -                        Sat                      NK9507-24            AVMN
1995-F03       2449891.33 1995 Jun 22 1958     Pegasus XL               -      F9                   STEP 3               L-1011    V        RW30/12  -> PAWA     144  ORB          OF -                        Sat                      Wire                 -
1995-F04       2449945.44 1995 Aug 15 2230     LLV-1                    -      DLV                  Gemstar              -         V        SLC6                   -  LMSC         OF -                        Sat                      AWST950821-18        -
1995-F05       2450014.42 1995 Oct 23 2203     Conestoga 1620           -      F1                   Meteor 1             -         WI       LA0A                  10  EER          OF -                        Sat                      Wire                 -
1996-F01       2450128.29 1996 Feb 14 1901     Chang Zheng 3B           -      CZ3B-1   (40)        Intelsat 708         -         XSC      LC2                    -  XPRC         OF -                        Sat                      AWST960219-25        -
1996-F02       2450217.87 1996 May 14 0855:00  Soyuz 11A511U            -      PVB78051-368         -                    -         GIK-5    LC31                   -  VKSR         OF -                        Sat                      NK96-10-32           -
1996-F03       2450239.02 1996 Jun  4 1234:06  Ariane 5G                -      V88  (501)           Cluster              -         CSG      ELA3                   -  ESA          OF -                        Sat                      ESAPR                CNES32
1996-F04       2450255.28 1996 Jun 20 1845     Soyuz 11A511U            -      -                    -                    -         GIK-1    LC16/2                 -  VKSR         OF -                        Sat                      NK96-12              -
1997-F01       2450466.19 1997 Jan 17 1628:01  Delta 7925               -      D241                 GPS IIR-1            -         CC       LC17A                  -  MDSSC        OF -                        Sat                      Wire                 -
1997-F02       2450588.80 1997 May 20 0707:00  Zenit-2                  -      -                    -                    -         GIK-5    LC45/1                 -  VKSR         OF -                        Sat                      NK9711-24            Wire
1997-F03       2450755.02 1997 Nov  2 1225:00  VLS-1                    -      V01                  SCD-2A               -         ALCA     VLS                    3  AEB          OF -                        Sat                      Wire                 -
1998-F01       2450836.04 1998 Jan 22 1256     Shaviyt 1                -      4                    'Ofeq-4              -         PALB     -                      -  ISA          OF -                        Sat                      Wire                 -
1998-F02       2451037.98 1998 Aug 12 1130:01  Titan 401A/Centaur       -      4A-20/TC-9 (K-17)    -            [CY16]  -         CC       LC41                   -  4SLS         OF NROL                     Sat                      ISIR980831-3         -
1998-F03       2451052.55 1998 Aug 27 0117:00  Delta 8930               -      D259                 Galaxy X             -         CC       LC17B                  -  2SLS         OF -                        Sat                      Wire                 -
1998-F04       2451056.63 1998 Aug 31 0307:00  Paektusan 1              -      -                    -                    -         TONGH    -                      -  KP           OF -                        Sat                      NYT980901-1          -
1998-F05       2451066.35 1998 Sep  9 2029:00  Zenit-2 11K77.05         -      22D (67047801)       Globalstar           -         GIK-5    LC45/1                 -  RVSNR        OF -                        Sat                      Wire                 NK9902-45
1999-F01       2451296.27 1999 Apr 27 1822:01  Athena-2                 -      LM-005               Ikonos-1             -         V        SLC6                   -  LMA          OF -                        Sat                      Wire                 -
1999-F02       2451365.06 1999 Jul  5 1332:00  Proton-K/Briz-M          -      389-01/88501         Raduga               -         GIK-5    LC81/24               30  RVSNR        OF -                        Sat                      NK9909-26            -
1999-F03       2451479.18 1999 Oct 27 1616:00  Proton-K/DM-2            -      386-02               Ekspress A No. 1     -         GIK-5    LC200/39               -  KHRU         OF -                        Sat                      Kosmodrom9911        NK9912-13
1999-F04       2451497.81 1999 Nov 15 0729     H-II                     -      H-II-8F              MTSAT                -         TNSC     Y                      -  NASDA        OF -                        Sat                      WWW-NASDA            WWW-NASDA
1999-F05       2451524.27 1999 Dec 11 1825     VLS-1                    -      V02                  SACI-2               -         ALCA     VLS                   10  AEB          OF -                        Sat                      www.iae.cta.br       -
2000-F02       2451616.12 2000 Mar 12 1449:15  Zenit-3SL                -      -                    ICO F-1              ODYSSEY   KLA      -                    200  BOSL         OF -                        Sat                      Wire                 -
2000-F03       2451905.91 2000 Dec 27 0956:31  Tsiklon-3                -      -                    Gonets/Kosmos        -         GIK-1    LC32/1                 -  RVSNR        OF -                        Sat                      NK0102-35            -
2002-F01       2452532.94 2002 Sep 15 1030     KT-1                     -      -                    -                    -         TYSC     -                    100? XPRC         OF -                        Test                     pc                   -
2002-F02       2452563.26 2002 Oct 15 1820:00  Soyuz 11A511U            -      PVB 066              Foton-M No. 1        -         GIK-1    LC43/3                 -  RAKA         OF -                        Sat                      NK0212-34            -
2002-F03       2452620.43 2002 Dec 11 2222     Ariane 5ECA              -      V157 (517)           Hot Bird 7/Stentor   -         CSG      ELA3                   -  AE           OF -                        Sat                      Wire                 -
2003-F01       2452898.50 2003 Sep 16          KT-1                     -      -                    -                    -         TYSC     -                    100? XPRC         OF -                        Test                     ChenLan              -
2003-F02       2452972.69 2003 Nov 29 0433     H-IIA 2024               -      H-IIA-6F             IGS O-2a/IGS R-2a    -         TNSC     Y                      -  NASDA        OF -                        Sat                      Wire                 -
2004-F01       2453254.95 2004 Sep  6 1053     Shaviyt 1                -      6                    'Ofeq-6              -         PALB     -                      -  ISA          OF -                        Sat                      jpost.com            -
2005-F01       2453542.53 2005 Jun 21 0048:37  Molniya 8K78M            ML     77046-694            Molniya-3K           -         GIK-1    LC16/2                 -  KVR          OF -                        Sat                      NK0508-01            -
2005-F02       2453543.32 2005 Jun 21 1946:09  Volna                    -      -                    Cosmos-1/Dem-2R      K-496     BLA      -                    850? VMFR         OF -                        Sat                      Wire                 -
2005-F03       2453652.13 2005 Oct  8 1502:00  Rokot                    -      -                    Cryosat              -         GIK-1    LC133/3              700? KVR          OF -                        Sat                      NK0512-34            -
2006-F01       2453819.44 2006 Mar 24 2230     Falcon 1                 -      F001                 Falconsat-2          -         KMR      OM                     2? SPX          OF -                        Sat                      Wire                 -
2006-F02       2453927.01 2006 Jul 10 1208     GSLV                     -      GSLV-F02             Insat 4C             -         SHAR     SLP                    -  ISRO         OF -                        Sat                      Wire                 -
2006-F03       2453943.32 2006 Jul 26 1943:05  Dnepr                    -      450-2973-804         BelKA/P-PODs         -         GIK-5    LC109/95               -  RVSNR/KTRAS  OF -                        Sat                      NK0609-44            -
2007-F01       2454131.47 2007 Jan 30 2322     Zenit-3SL                -      24SL                 NSS 8                ODYSSEY   KLA      -                      -  BOSL         OF -                        Sat                      Wire                 -
2007-F02       2454180.55 2007 Mar 21 0110     Falcon 1                 -      F002                 Demosat              -         KMR      OM                   330? SPX          OF -                        Sat                      Wire                 -
2007-F03       2454349.45 2007 Sep  5 2243:10  Proton-M/Briz-M          -      535-22/88522         JCSAT 11             -         GIK-5    LC200/39               -  ILSK         OF -                        Sat                      NK0711-16            -
2008-F01       2454681.65 2008 Aug  3 0334     Falcon 1                 -      F003                 Trailblazer          -         KMR      OM                    40? SPX          OF -                        Sat                      Wire                 -
2008-F02       2454695.31 2008 Aug 16 1932     Safir                    -      Omid?                -                    -         SEM      -                    150? IRSA         OF IRSA/                    Test                     Wire                 -
2009-F01       2454886.91 2009 Feb 24 0955:30  Taurus 3110              -      T8 (XL)              OCO                  -         V        576E                 500? ORB          OF -                        Sat                      Wire                 -
