1957 ALP       2436116.31 1957 Oct  4 1928:34  Sputnik 8K71PS           -      No. 1PS              PS-1                 -         NIIP-5   LC1                    -  MVS          OS -                        Sat                      Energiya             SFLT39-331
1957 BET       2436145.60 1957 Nov  3 0230:42  Sputnik 8K71PS           -      No. 2PS              PS-2                 -         NIIP-5   LC1                    -  MVS          OS -                        Sat                      Grahn-WWW            Energiya
1958 ALP       2436235.66 1958 Feb  1 0347:56  Jupiter C                JunoI  RS-29                Explorer 1           -         CC       LC26A                  -  USA          OS -                        Sat                      JunoFam              -
1958 BET       2436280.01 1958 Mar 17 1215:41  Vanguard                 -      TV-4                 Vanguard I           -         CC       LC18A                  -  USN          OS -                        Sat                      SP-4202              Vang-ER9960
1958 GAM       2436289.23 1958 Mar 26 1738:03  Jupiter C                JunoI  RS-24                Explorer 3           -         CC       LC5                    -  USA          OS -                        Sat                      JunoFam              -
1958 DEL       2436338.79 1958 May 15 0700:35  Sputnik 8A91             -      B1-1                 ISZ D-1 No. 2        -         NIIP-5   LC1                    -  MVS          OS -                        Sat                      NezavB               Energiya
1958 EPS       2436411.13 1958 Jul 26 1500:57  Jupiter C                JunoI  RS/CC-44             Explorer 4           -         CC       LC5                    -  USA          OS -                        Sat                      JunoFam              -
1958 ETA       2436487.86 1958 Oct 11 0842:13  Thor Able I              -      130                  Pioneer 1            -         CC       LC17A                  -  USAF         OS -                        Sat                      NASA-5-25-59W-V3     -
1958 THE       2436543.74 1958 Dec  6 0544:52  Juno II                  -      AM-11                Pioneer 3            -         CC       LC5                    -  USA          OS -                        Sat                      JPL32-31-2           -
1958 ZET       2436556.46 1958 Dec 18 2302     Atlas B                  -      10B                  SCORE                -         CC       LC11                1484  USAF         OS -                        Sat                      AP                   -
1959 MU        2436571.20 1959 Jan  2 1641:21  Vostok-L 8K72            -      B1-6                 Luna-1               -         NIIP-5   LC1                    -  MVS          OS -                        Sat                      Energiya             -
1959 ALP       2436617.16 1959 Feb 17 1555     Vanguard                 -      SLV-4                Vanguard II          -         CC       LC18A                  -  USN          OS -                        Sat                      Vang-ER10304         -
1959 BET       2436628.41 1959 Feb 28 2149:16  Thor Agena A             -      163                  Discoverer 1         -         V        75-3-4                 -  USAF         OF -                        Sat                      NRO2D4               VCR
1959 NU        2436630.72 1959 Mar  3 0510:56  Juno II                  -      AM-14                Pioneer 4            -         CC       LC5                    -  USA          OS -                        Sat                      JPL32-31-2           -
1959 GAM       2436672.39 1959 Apr 13 2118:39  Thor Agena A             -      170                  Discoverer 2         -         V        75-3-4                 -  USAF         OS -                        Sat                      NRO3E24              VCR
1959 DEL       2436788.10 1959 Aug  7 1424:20  Thor Able III            -      134                  Explorer 6           -         CC       LC17A                  -  USAF         OS -                        Sat                      RAE/PSC              -
1959 EPS       2436794.29 1959 Aug 13 1900:08  Thor Agena A             -      192                  Discoverer 5         -         V        75-3-4                 -  USAF         OS -                        Sat                      NRO3E24              VCR
1959 ZET       2436800.31 1959 Aug 19 1924:44  Thor Agena A             -      200                  Discoverer 6         -         V        75-3-5                 -  USAF         OS -                        Sat                      NRO3E24              VCR
1959 XI        2436823.78 1959 Sep 12 0639:42  Vostok-L 8K72            -      I1-7B                Luna-2               -         NIIP-5   LC1                    -  MVS          OS -                        Sat                      JBIS51-231           Energiya
1959 ETA       2436829.72 1959 Sep 18 0520:07  Vanguard                 X-248  SLV-7                Vanguard III         -         CC       LC18A                  -  USN          OS -                        Sat                      Vang-ER-SLV7         -
1959 THE       2436845.53 1959 Oct  4 0043:39  Vostok-L 8K72            -      I1-8                 Luna-3               -         NIIP-5   LC1                    -  MVS          OS -                        Sat                      NezavB               -
1959 IOT       2436855.15 1959 Oct 13 1530:04  Juno II                  -      AM-19A               Explorer 7           -         CC       LC5                    -  NASA         OS -                        Sat                      FOM-JUNO-AM16A       JPL32-31-3
1959 KAP       2436880.35 1959 Nov  7 2028:41  Thor Agena A             -      206                  Discoverer 7         -         V        75-3-4                 -  USAF         OS -                        Sat                      NRO3E24              VCR
1959 LAM       2436893.31 1959 Nov 20 1925:24  Thor Agena A             -      212                  Discoverer 8         -         V        75-3-5                 -  USAF         OS -                        Sat                      NRO3E24              VCR
1960 ALP       2437005.04 1960 Mar 11 1300     Thor Able IV             -      219                  Pioneer 5            -         CC       LC17A                  -  USAF         OS -                        Sat                      KHR-1                -
1960 BET       2437025.99 1960 Apr  1 1140:09  Thor Able II             M1     148                  Tiros 1              -         CC       LC17A                  -  USAF         OS -                        Sat                      NASA-TR-R131         -
1960 GAM       2437038.00 1960 Apr 13 1202:36  Thor Ablestar            -      257  AB002?          Transit 1B           -         CC       LC17B                  -  USAF         OS -                        Sat                      RAE/PSC              -
1960 DEL       2437040.35 1960 Apr 15 2030:37  Thor Agena A             -      234                  Discoverer 11        -         V        75-3-5                 -  USAF         OS -                        Sat                      NRO3E24              VCR
1960 EPS       2437069.50 1960 May 15 0000:05  Vostok 8K72              -      L1-11                Korabl'-Sputnik      -         NIIP-5   LC1                    -  RVSN         OS -                        Sat                      VSA074               -
1960 ZET       2437079.23 1960 May 24 1736:46  Atlas Agena A            -      45D                  Midas 2              -         CC       LC14                   -  USAF         OS -                        Sat                      RAE/PSC              -
1960 ETA       2437107.75 1960 Jun 22 0554     Thor Ablestar            -      281  AB003?          Transit 2A           -         CC       LC17B                  -  USAF         OS -                        Sat                      SpaceWorld6111-33    -
1960 THE       2437157.36 1960 Aug 10 2037:54  Thor Agena A             -      231                  Discoverer 13        -         V        75-3-5                 -  USAF         OS -                        Sat                      NRO3E24              VCR
1960 IOT       2437158.90 1960 Aug 12 0939:43  Thor Delta               -      270/D2               Echo 1               -         CC       LC17A                  -  NASA         OS -                        Sat                      TR-1022              -
1960 KAP       2437165.33 1960 Aug 18 1957:08  Thor Agena A             -      237                  Discoverer 14        -         V        75-3-4                 -  USAF         OS -                        Sat                      NRO3E24              VCR
1960 LAM       2437165.86 1960 Aug 19 0844:06  Vostok 8K72              -      L1-12                Korabl'-Sputnik-2    -         NIIP-5   LC1                    -  RVSN         OS -                        Sat                      NezavB               -
1960 MU        2437191.43 1960 Sep 13 2214     Thor Agena A             -      246                  Discoverer 15        -         V        75-3-5                 -  USAF         OS -                        Sat                      VCR                  -
1960 NU        2437212.24 1960 Oct  4 1750     Thor Ablestar            -      293  AB005           Courier 1B           -         CC       LC17B                  -  USAF         OS -                        Sat                      MR601010-40          -
1960 XI        2437241.72 1960 Nov  3 0523:10  Juno II                  -      AM-19D               Explorer 8           -         CC       LC26B                  -  NASA         OS -                        Sat                      ABMA                 -
1960 OMI       2437251.36 1960 Nov 12 2043     Thor Agena B             -      297                  Discoverer 17        -         V        75-3-5                 -  USAF         OS -                        Sat                      VCR                  -
1960 PI        2437261.97 1960 Nov 23 1113:03  Thor Delta               -      245/D3               Tiros 2              -         CC       LC17A                  -  NASA         OS -                        Sat                      TR-1022              -
1960 RHO       2437269.81 1960 Dec  1 0730:04  Vostok 8K72              -      L1-13                Korabl'-Sputnik-3    -         NIIP-5   LC1                    -  RVSN         OS -                        Sat                      NezavB               -
1960 SIG       2437276.35 1960 Dec  7 2020:58  Thor Agena B             -      296                  Discoverer 18        -         V        75-3-4                 -  USAF         OS -                        Sat                      VCR                  -
1960 TAU       2437289.36 1960 Dec 20 2032     Thor Agena B             -      258                  Discoverer 19        -         V        75-3-5                 -  USAF         OS -                        Sat                      VCR                  -
1961 ALP       2437331.35 1961 Jan 31 2021:19  Atlas Agena A            -      70D                  Samos 2              -         PA       LC1-1                  -  USAF         OS -                        Sat                      VCR                  -
1961 BET       2437334.55 1961 Feb  4 0118:03  Molniya 8K78             -      L1-7                 Tyazholiy Sputnik    -         NIIP-5   LC1                    -  RVSN         OF -                        Sat                      NK9701-29            NezavB
1961 GAM       2437342.52 1961 Feb 12 0034:36  Molniya 8K78             -      L1-6B                Venera               -         NIIP-5   LC1                    -  RVSN         OS -                        Sat                      NezavB               -
1961 DEL       2437347.05 1961 Feb 16 1305     Scout X-1                -      ST-4                 Explorer 9           -         WI       LA3                    -  NASA         OS -                        Sat                      NYT610217            -
1961 EPS       2437348.35 1961 Feb 17 2025     Thor Agena B             -      298                  Discoverer 20        -         V        75-3-4                 -  USAF         OS -                        Sat                      VCR                  -
1961 ZET       2437349.46 1961 Feb 18 2258     Thor Agena B             -      261                  Discoverer 21        -         V        75-3-5                 -  USAF         OS -                        Sat                      VCR                  -
1961 ETA       2437352.66 1961 Feb 22 0345     Thor Ablestar            -      313  AB007           Transit 3B           -         CC       LC17B                  -  USAF         OS -                        Sat                      SR2,609              -
1961 THE       2437367.77 1961 Mar  9 0629:00  Vostok 8K72K             -      E103-14              Korabl'-Sputnik-4    -         NIIP-5   LC1                    -  RVSN         OS -                        Sat                      NezavB               -
1961 IOT       2437383.75 1961 Mar 25 0554:00  Vostok 8K72K             -      E103-15              Korabl'-Sputnik-5    -         NIIP-5   LC1                    -  RVSN         OS -                        Sat                      NezavB               -
1961 KAP       2437384.14 1961 Mar 25 1517:04  Thor Delta               -      295/D4               Explorer 10          -         CC       LC17A                  -  NASA         OS -                        Sat                      TR-1022              -
1961 LAM       2437398.31 1961 Apr  8 1921     Thor Agena B             -      307                  Discoverer 23        -         V        75-3-5                 -  USAF         OS -                        Sat                      VCR                  -
1961 MU        2437401.75 1961 Apr 12 0607:00  Vostok 8K72K             -      E103-16              Vostok               -         NIIP-5   LC1                    -  RVSN         OS -                        Sat                      Energiya             VSA074
1961 NU        2437417.09 1961 Apr 27 1416:38  Juno II                  -      AM-19E               Explorer 11          -         CC       LC26B                  -  NASA         OS -                        Sat                      MTP-LOD-OIR-61-13.1  -
1961 XI        2437467.46 1961 Jun 16 2302     Thor Agena B             -      303                  Discoverer 25        -         V        75-1-1                 -  USAF         OS -                        Sat                      VCR                  -
1961 OMI       2437479.68 1961 Jun 29 0422     Thor Ablestar            -      315  AB008           Transit 4A           -         CC       LC17B                  -  USAF         OS -                        Sat                      Wire                 -
1961 PI        2437488.48 1961 Jul  7 2329:48  Thor Agena B             -      308                  Discoverer 26        -         V        75-3-5                 -  USAF         OS -                        Sat                      HSRP-104             VCR
1961 RHO       2437492.93 1961 Jul 12 1025:06  Thor Delta               -      286/D5               Tiros 3              -         CC       LC17A                  -  NASA         OS -                        Sat                      TR-1022              -
1961 SIG       2437493.13 1961 Jul 12 1511     Atlas Agena B            -      97D                  Midas 3              -         PA       LC1-2                  -  USAF         OS -                        Sat                      VCR                  -
1961 TAU       2437517.75 1961 Aug  6 0600     Vostok 8K72K             -      E103-17              Vostok-2             -         NIIP-5   LC1                    -  RVSN         OS -                        Sat                      VSA074               VSA074
1961 UPS       2437527.64 1961 Aug 16 0321:05  Thor Delta               -      312/D6               Explorer 12          -         CC       LC17A                  -  NASA         OS -                        Sat                      TR-1022              -
1961 PHI       2437534.92 1961 Aug 23 1004:10  Atlas Agena B            -      111D (AA1)           Ranger 1             -         CC       LC12                   -  USAF         OS -                        Sat                      CR-88008             -
1961 CHI       2437537.27 1961 Aug 25 1829:44  Scout X-1                -      ST-6                 Explorer 13          -         WI       LA3                    -  NASA         OS -                        Sat                      TN-D-2468            Gatland1
1961 PSI       2437542.33 1961 Aug 30 2000     Thor Agena B             -      323                  Discoverer 29        -         V        75-3-4                 -  USAF         OS -                        Sat                      VCR                  -
1961 OME       2437555.33 1961 Sep 12 1959     Thor Agena B             -      310                  Discoverer 30        -         V        75-3-5                 -  USAF         OS -                        Sat                      VCR                  -
1961 A ALP     2437556.09 1961 Sep 13 1404     Atlas D                  -      88D                  MA-4                 -         CC       LC14                   -  USAF         OS -                        Sat                      KHR-1                -
1961 A BET     2437560.38 1961 Sep 17 2100     Thor Agena B             -      324                  Discoverer 31        -         V        75-1-1                 -  USAF         OS -                        Sat                      VCR                  -
1961 A GAM     2437586.31 1961 Oct 13 1922     Thor Agena B             -      328                  Discoverer 32        -         V        75-3-4                 -  USAF         OS -                        Sat                      VCR                  -
1961 A DEL     2437594.08 1961 Oct 21 1353:03  Atlas Agena B            -      105D                 Midas 4              -         PA       LC1-2                  -  USAF         OS -                        Sat                      VCR                  -
1961 A EPS     2437609.33 1961 Nov  5 2000     Thor Agena B             -      330                  Discoverer 34        -         V        75-1-1                 -  USAF         OS -                        Sat                      VCR                  -
1961 A ZET     2437619.39 1961 Nov 15 2123     Thor Agena B             -      326                  Discoverer 35        -         V        75-3-4                 -  USAF         OS -                        Sat                      VCR                  -
1961 A ETA     2437619.43 1961 Nov 15 2226     Thor Ablestar            -      305  AB009?          Transit 4B           -         CC       LC17B                  -  USAF         OS -                        Sat                      OneontaStar611116    RAE
1961 A THE     2437621.84 1961 Nov 18 0812     Atlas Agena B            -      117D (AA2)           Ranger 2             -         CC       LC12                   -  USAF         OS -                        Sat                      KHR-1                -
1961 A IOT     2437633.13 1961 Nov 29 1507:57  Atlas D                  -      93D                  MA-5                 -         CC       LC14                   -  USAF         OS -                        Sat                      SP-39                -
1961 A KAP     2437646.36 1961 Dec 12 2040     Thor Agena B             -      325                  Discoverer 36        -         V        75-3-4                 -  USAF         OS -                        Sat                      VCR                  -
1961 A LAM     2437656.30 1961 Dec 22 1912:33  Atlas Agena B            -      114D                 Samos 5              -         PA       LC1-2                  -  USAF         OS -                        Sat                      VCR                  -
1962 ALP       2437691.35 1962 Jan 26 2030     Atlas Agena B            -      121D (AA3)           Ranger 3             -         CC       LC12                   -  USAF         OS -                        Sat                      KHR-1                -
1962 BET       2437704.03 1962 Feb  8 1243:45  Thor Delta               -      317/D7               Tiros 4              -         CC       LC17A                  -  NASA         OS -                        Sat                      TR-1022              -
1962 GAM       2437716.12 1962 Feb 20 1447:39  Atlas D                  -      109D                 MA-6                 -         CC       LC14                   -  USAF         OS -                        Sat                      KHR-1                -
1962 DEL       2437717.28 1962 Feb 21 1844     Thor Agena B             -      332                  FTV 2301             -         V        75-3-5                 -  USAF         OS -                        Sat                      VCR                  -
1962 EPS       2437723.32 1962 Feb 27 1939     Thor Agena B             -      241                  Discoverer 38        -         V        75-3-4                 -  USAF         OS -                        Sat                      VCR                  -
1962 ZET       2437731.17 1962 Mar  7 1606:18  Thor Delta               -      301/D8               OSO 1                -         CC       LC17A                  -  NASA         OS -                        Sat                      TR-1022              -
1962 ETA       2437731.42 1962 Mar  7 2210:31  Atlas Agena B            -      112D                 Samos 6              -         PA       LC1-2                  -  USAF         OS -                        Sat                      VCR                  -
1962 THE       2437740.00 1962 Mar 16 1159     Kosmos 63S1              -      6LK                  Kosmos-1             -         GTsP-4   Mayak-2                -  RVSN         OS -                        Sat                      AVMDS                -
1962 IOT       2437761.22 1962 Apr  6 1715     Kosmos 63S1              -      5LK                  Kosmos-2             -         GTsP-4   Mayak-2                -  RVSN         OS -                        Sat                      NK9707-75            -
1962 KAP       2437764.13 1962 Apr  9 1504:48  Atlas Agena B            -      110D                 Midas 5              -         PA       LC1-2                  -  USAF         OS -                        Sat                      VCR                  -
1962 LAM       2437772.54 1962 Apr 18 0054     Thor Agena B             -      331                  Discoverer 39        -         V        75-3-5                 -  USAF         OS -                        Sat                      VCR                  -
1962 MU        2437778.37 1962 Apr 23 2050     Atlas Agena B            -      133D (AA4)           Ranger 4             -         CC       LC12                   -  USAF         OS -                        Sat                      KHR-1                -
1962 NU        2437778.67 1962 Apr 24 0400     Kosmos 63S1              -      4LK                  Kosmos-3             -         GTsP-4   Mayak-2                -  RVSN         OS -                        Sat                      NK9709-63            -
1962 XI        2437780.92 1962 Apr 26 1002     Vostok 8K72K             -      -                    Kosmos-4             -         NIIP-5   LC1                    -  RVSN         OS -                        Sat                      NK96-10-65           -
1962 OMI       2437781.25 1962 Apr 26 1800:16  Thor Delta               -      320/D9               Ariel 1              -         CC       LC17A                  -  NASA         OS -                        Sat                      TR-1022              -
1962 PI        2437781.29 1962 Apr 26 1856:08  Atlas Agena B            -      118D                 FTV 2401             -         PA       LC1-1                  -  USAF         OS -                        Sat                      VCR                  -
1962 RHO       2437783.52 1962 Apr 29 0030:12  Thor Agena B             -      333                  CORONA 40/9033       -         V        75-3-4                 -  USAF         OS -                        Sat                      VCR                  NRO-WS117L-003
1962 SIG       2437800.32 1962 May 15 1936     Thor Agena B             -      334                  CORONA 41/9034A      -         V        75-3-5                 -  USAF         OS -                        Sat                      VCR                  -
1962 TAU       2437809.03 1962 May 24 1245:16  Atlas D                  -      107D                 MA-7                 -         CC       LC14                   -  USAF         OS -                        Sat                      KHR-1                -
1962 UPS       2437812.62 1962 May 28 0300     Kosmos 63S1              -      3LK                  Kosmos-5             -         GTsP-4   Mayak-2                -  RVSN         OS -                        Sat                      NK9711-45            -
1962 PHI       2437814.54 1962 May 30 0100:04  Thor Agena B             -      336                  CORONA 42/9035       -         V        75-1-1                 -  USAF         OS -                        Sat                      VCR                  NRO-WS117L-009
1962 CHI       2437817.52 1962 Jun  2 0031     Thor Agena B             -      335                  CORONA 43/9036       -         V        75-3-4                 -  USAF         OS -                        Sat                      VCR                  -
1962 PSI       2437833.26 1962 Jun 17 1814:18  Atlas Agena B            -      115D                 FTV 2402             -         PA       LC1-1                  -  USAF         OS -                        Sat                      VCR                  -
1962 OME       2437834.35 1962 Jun 18 2020     Thor Agena B             -      343                  FTV 2312             -         V        75-3-5                 -  USAF         OS -                        Sat                      VCR                  -
1962 A ALP     2437835.01 1962 Jun 19 1219:01  Thor Delta               -      321/D10              Tiros 5              -         CC       LC17A                  -  NASA         OS -                        Sat                      TR-1022              -
1962 A BET     2437838.52 1962 Jun 23 0030     Thor Agena B             -      339                  CORONA 44/9037       -         V        75-3-4                 -  USAF         OS -                        Sat                      VCR                  -
1962 A GAM     2437843.55 1962 Jun 28 0109     Thor Agena D             -      340                  CORONA 45/9038       -         V        75-1-1                 -  USAF         OS -                        Sat                      VCR                  -
1962 A DEL     2437846.17 1962 Jun 30 1600     Kosmos 63S1              -      -                    Kosmos-6             -         GTsP-4   Mayak-2                -  RVSN         OS -                        Sat                      AVMDS                -
1962 A EPS     2437855.86 1962 Jul 10 0835:05  Thor Delta               -      316/D11              Telstar 1            -         CC       LC17B                  -  NASA         OS -                        Sat                      TR-1022              -
1962 A ZET     2437864.37 1962 Jul 18 2051:20  Atlas Agena B            -      120D                 FTV 2403             -         PA       LC1-1                  -  USAF         OS -                        Sat                      VCR                  -
1962 A ETA     2437866.54 1962 Jul 21 0056     Thor Agena B             -      342                  CORONA 46/9039       -         V        75-3-5                 -  USAF         OS -                        Sat                      VCR                  -
1962 A THE     2437873.52 1962 Jul 28 0030     Thor Agena B             -      347                  CORONA 47/9040       -         V        75-3-4                 -  USAF         OS -                        Sat                      VCR                  -
1962 A IOT     2437873.89 1962 Jul 28 0918:31  Vostok 8A92              -      T15000-07            Kosmos-7             -         NIIP-5   LC1                    -  RVSN         OS -                        Sat                      NK96-10-65           -
1962 A KAP     2437878.51 1962 Aug  2 0017     Thor Agena D             -      344                  CORONA 48/9041       -         V        75-1-1                 -  USAF         OS -                        Sat                      VCR                  -
1962 A LAM     2437882.25 1962 Aug  5 1758:59  Atlas Agena B            -      124D                 FTV 2404             -         PA       LC1-1                  -  USAF         OS -                        Sat                      VCR                  -
1962 A MU      2437887.85 1962 Aug 11 0830     Vostok 8K72K             -      -                    Vostok-3             -         NIIP-5   LC1                    -  RVSN         OS -                        Sat                      VSA074               -
1962 A NU      2437888.83 1962 Aug 12 0802:17  Vostok 8K72K             -      -                    Vostok-4             -         NIIP-5   LC1                    -  RVSN         OS -                        Sat                      VSA074               -
1962 A XI      2437895.12 1962 Aug 18 1500     Kosmos 63S1              -      -                    Kosmos-8             -         GTsP-4   Mayak-2                -  RVSN         OS -                        Sat                      AVMDS                -
1962 A OMI     2437899.99 1962 Aug 23 1144?    Scout X-2M               -      S117                 FTV 3502 (AF-2)      -         PA       LC-D                   -  AFSC         OS -                        Sat                      RAE                  -
1962 A PI      2437901.60 1962 Aug 25 0218:45  Molniya 8K78             -      T103-12              -                    -         NIIP-5   LC1                    -  RVSN         OF -                        Sat                      NK9701-29            -
1962 A RHO     2437903.79 1962 Aug 27 0653:14  Atlas Agena B            -      179D (AA6)           Mariner 2            -         CC       LC12                   -  USAF         OS -                        Sat                      KHR-1                -
1962 A SIG     2437905.54 1962 Aug 29 0100     Thor Agena D             -      349                  CORONA 49/9044       -         V        75-1-2                 -  USAF         OS -                        Sat                      VCR                  -
1962 A TAU     2437908.59 1962 Sep  1 0212:30  Molniya 8K78             -      T103-13              -                    -         NIIP-5   LC1                    -  RVSN         OF -                        Sat                      NK9701-29            -
1962 A UPS     2437909.36 1962 Sep  1 2039     Thor Agena B             -      348                  CORONA 50/9042A      -         V        75-3-5                 -  USAF         OS -                        Sat                      VCR                  -
1962 A PHI     2437919.54 1962 Sep 12 0059:13  Molniya 8K78             -      T103-14              -                    -         NIIP-5   LC1                    -  RVSN         OF -                        Sat                      NK9701-29            -
1962 A CHI     2437925.49 1962 Sep 17 2346     Thor Agena B             -      350                  CORONA 51/9043       -         V        75-3-4                 -  USAF         OS -                        Sat                      VCR                  -
1962 A PSI     2437925.87 1962 Sep 18 0853:08  Thor Delta               -      318/D12              Tiros 6              -         CC       LC17A                  -  NASA         OS -                        Sat                      TR-1022              -
1962 A OME     2437934.90 1962 Sep 27 0939:51  Vostok 8A92              -      T15000-06            Kosmos-9             -         NIIP-5   LC1                    -  RVSN         OS -                        Sat                      NK96-10-65           -
1962 B ALP     2437936.75 1962 Sep 29 0605     Thor Agena B             -      341 (TA1)            Alouette 1           -         V        75-1-1                 -  NASA         OS -                        Sat                      VCR                  -
1962 B BET     2437937.48 1962 Sep 29 2334:50  Thor Agena D             -      351                  CORONA 52/9045       -         V        75-1-2                 -  USAF         OS -                        Sat                      NRO3E88              VCR
1962 B GAM     2437940.42 1962 Oct  2 2211:30  Thor Delta A             -      345/D13              Explorer 14          -         CC       LC17B                  -  NASA         OS -                        Sat                      TR-1022              -
1962 B DEL     2437941.01 1962 Oct  3 1215:11  Atlas D                  -      113D                 MA-8                 -         CC       LC14                   -  USAF         OS -                        Sat                      KHR-1                -
1962 B EPS     2437947.27 1962 Oct  9 1835     Thor Agena B             -      352                  CORONA 53/9046A      -         V        75-3-4                 -  USAF         OS -                        Sat                      VCR                  -
1962 B ZET     2437954.88 1962 Oct 17 0900:00  Vostok 8A92              -      T15000-03            Kosmos-10            -         NIIP-5   LC1                    -  RVSN         OS -                        Sat                      NK96-10-65           -
1962 B ETA     2437956.21 1962 Oct 18 1659     Atlas Agena B            -      215D (AA7)           Ranger 5             -         CC       LC12                   -  USAF         OS -                        Sat                      KHR-1                -
1962 B THE     2437957.67 1962 Oct 20 0400     Kosmos 63S1              -      -                    Kosmos-11            -         GTsP-4   Mayak-2                -  RVSN         OS -                        Sat                      AVMDS                -
1962 B IOT     2437962.25 1962 Oct 24 1755:04  Molniya 8K78             -      T103-15              -                    -         NIIP-5   LC1                    -  RVSN         OF -                        Sat                      KIAM                 -
1962 B KAP     2437964.18 1962 Oct 26 1614     Thor Agena D             -      353                  CORONA 54/STARAD     -         V        75-1-2                 -  USAF         OS -                        Sat                      VCR                  -
1962 B LAM     2437965.47 1962 Oct 27 2315:01  Thor Delta A             -      346/D14              Explorer 15          -         CC       LC17B                  -  NASA         OS -                        Sat                      TR-1022              -
1962 B MU      2437968.84 1962 Oct 31 0808     Thor Ablestar            -      319  AB012           ANNA 1B              -         CC       LC17A                  -  USAF         OS -                        Sat                      Gatland1             -
1962 B NU      2437970.18 1962 Nov  1 1614:16  Molniya 8K78             -      T103-16              Mars-1               -         NIIP-5   LC1                    -  RVSN         OS -                        Sat                      KIAM                 NK9620-53
1962 B XI      2437973.15 1962 Nov  4 1535:15  Molniya 8K78             -      T103-17              -                    -         NIIP-5   LC1                    -  RVSN         OF -                        Sat                      KIAM                 -
1962 B OMI     2437974.42 1962 Nov  5 2204     Thor Agena B             -      356                  CORONA 55/9047       -         V        75-3-4                 -  USAF         OS -                        Sat                      VCR                  -
1962 B PI      2437980.35 1962 Nov 11 2017:02  Atlas Agena B            -      128D                 FTV 2405             -         PA       LC1-1                  -  AFSC         OS -                        Sat                      VCR                  -
1962 B RHO     2437993.42 1962 Nov 24 2201     Thor Agena B             -      367                  CORONA 56/9048       -         V        75-3-4                 -  USAF         OS -                        Sat                      VCR                  -
1962 B SIG     2438003.40 1962 Dec  4 2130     Thor Agena D             -      361                  CORONA 57/9049       -         V        75-1-2                 -  USAF         OS -                        Sat                      VCR                  -
1962 B TAU     2438011.67 1962 Dec 13 0407     Thor Agena D             -      365                  NRL Composite 2      -         V        75-1-1                 -  USAF         OS -                        Sat                      VCR                  -
1962 B UPS     2438012.48 1962 Dec 13 2330:01  Thor Delta B             -      355/D15              Relay 1              -         CC       LC17A                  -  NASA         OS -                        Sat                      TR-1022              -
1962 B PHI     2438013.39 1962 Dec 14 2126:07  Thor Agena D             -      368                  CORONA 58/9050       -         V        75-3-5                 -  USAF         OS -                        Sat                      VCR                  NRO-WS117L-004
1962 B CHI     2438015.11 1962 Dec 16 1433:04  Scout X-3                -      S115                 Explorer 16          -         WI       LA3                    -  NASA         OS -                        Sat                      LAAFB                TN-D-2445
1962 B PSI     2438017.56 1962 Dec 19 0125:45  Scout X-3                -      S118                 Transit VA-1 (N-1)   -         PA       LC-D                   -  AFSC         OS -                        Sat                      LAAFB                -
1962 B OME     2438020.89 1962 Dec 22 0923     Vostok 8A92              -      T15000-10            Kosmos-12            -         NIIP-5   LC1                    -  RVSN         OS -                        Sat                      NK96-10-65,AVM       -
